[2021-02-19T15:26:37.801] [DEBUG] cheese - login => username:zs,password:123456
[2021-02-19T15:26:37.803] [DEBUG] cheese - zs
[2021-02-19T15:26:37.813] [DEBUG] cheese - null
[2021-02-19T15:26:37.814] [DEBUG] cheese - null
[2021-02-19T15:27:19.318] [DEBUG] cheese - login => username:admin,password:123456
[2021-02-19T15:27:19.318] [DEBUG] cheese - admin
[2021-02-19T15:27:19.325] [DEBUG] cheese - null
[2021-02-19T15:27:19.325] [DEBUG] cheese - null
[2021-02-20T11:18:01.593] [DEBUG] cheese - login => username:12345,password:5432343
[2021-02-20T11:18:01.594] [DEBUG] cheese - 12345
[2021-02-20T11:18:01.620] [DEBUG] cheese - null
[2021-02-20T11:18:01.620] [DEBUG] cheese - null
[2021-02-20T11:19:48.214] [DEBUG] cheese - login => username:123333,password:3333333
[2021-02-20T11:19:48.215] [DEBUG] cheese - 123333
[2021-02-20T11:19:48.217] [DEBUG] cheese - null
[2021-02-20T11:19:48.218] [DEBUG] cheese - null
[2021-02-20T11:21:43.708] [DEBUG] cheese - login => username:123456,password:12345123
[2021-02-20T11:21:43.708] [DEBUG] cheese - 123456
[2021-02-20T11:21:43.713] [DEBUG] cheese - null
[2021-02-20T11:21:43.714] [DEBUG] cheese - null
[2021-02-20T11:21:59.487] [DEBUG] cheese - login => username:admin,password:123456
[2021-02-20T11:21:59.488] [DEBUG] cheese - admin
[2021-02-20T11:21:59.496] [DEBUG] cheese - null
[2021-02-20T11:21:59.496] [DEBUG] cheese - null
[2021-02-20T11:50:48.632] [DEBUG] cheese - login => username:121212,password:121212
[2021-02-20T11:50:48.632] [DEBUG] cheese - 121212
[2021-02-20T11:50:48.635] [DEBUG] cheese - null
[2021-02-20T11:50:48.635] [DEBUG] cheese - null
[2021-02-20T11:50:55.995] [DEBUG] cheese - login => username:admin,password:123456
[2021-02-20T11:50:55.995] [DEBUG] cheese - admin
[2021-02-20T11:50:55.998] [DEBUG] cheese - null
[2021-02-20T11:50:55.998] [DEBUG] cheese - null
[2021-02-20T12:07:38.485] [DEBUG] cheese - login => username:admin,password:123456
[2021-02-20T12:07:38.485] [DEBUG] cheese - admin
[2021-02-20T12:07:38.488] [DEBUG] cheese - null
[2021-02-20T12:07:38.488] [DEBUG] cheese - null
[2021-02-21T10:08:56.486] [DEBUG] cheese - login => username:admin,password:123456
[2021-02-21T10:08:56.491] [DEBUG] cheese - admin
[2021-02-21T10:08:56.508] [DEBUG] cheese - null
[2021-02-21T10:08:56.509] [DEBUG] cheese - null
[2021-02-21T10:16:00.057] [DEBUG] cheese - login => username:admin,password:123456
[2021-02-21T10:16:00.057] [DEBUG] cheese - admin
[2021-02-21T10:16:00.063] [DEBUG] cheese - null
[2021-02-21T10:16:00.063] [DEBUG] cheese - null
[2021-02-21T10:28:04.343] [DEBUG] cheese - login => username:admin,password:123456
[2021-02-21T10:28:04.343] [DEBUG] cheese - admin
[2021-02-21T10:28:04.346] [DEBUG] cheese - null
[2021-02-21T10:28:04.346] [DEBUG] cheese - null
[2021-02-21T10:30:33.544] [DEBUG] cheese - login => username:admin,password:123456
[2021-02-21T10:30:33.544] [DEBUG] cheese - admin
[2021-02-21T10:30:33.551] [DEBUG] cheese - null
[2021-02-21T10:30:33.551] [DEBUG] cheese - null
[2021-02-21T10:38:21.521] [DEBUG] cheese - login => username:admin ,password:123456
[2021-02-21T10:38:21.521] [DEBUG] cheese - admin 
[2021-02-21T10:38:21.525] [DEBUG] cheese - null
[2021-02-21T10:38:21.525] [DEBUG] cheese - null
[2021-02-21T10:38:36.905] [DEBUG] cheese - login => username:admin,password:123456
[2021-02-21T10:38:36.905] [DEBUG] cheese - admin
[2021-02-21T10:38:36.908] [DEBUG] cheese - null
[2021-02-21T10:38:36.908] [DEBUG] cheese - null
[2021-02-21T10:39:32.229] [DEBUG] cheese - login => username:admin ,password:123456
[2021-02-21T10:39:32.229] [DEBUG] cheese - admin 
[2021-02-21T10:39:32.232] [DEBUG] cheese - null
[2021-02-21T10:39:32.232] [DEBUG] cheese - null
[2021-02-21T10:41:56.488] [DEBUG] cheese - login => username:admin ,password:123456
[2021-02-21T10:41:56.488] [DEBUG] cheese - admin 
[2021-02-21T10:41:56.490] [DEBUG] cheese - null
[2021-02-21T10:41:56.491] [DEBUG] cheese - null
